Fri Jan 18 2019 15:25:28 GMT+0530 (IST): GET /
Fri Jan 18 2019 15:25:48 GMT+0530 (IST): GET /
Fri Jan 18 2019 15:26:10 GMT+0530 (IST): GET /about
Fri Jan 18 2019 15:39:23 GMT+0530 (IST): GET /
Fri Jan 18 2019 15:39:24 GMT+0530 (IST): GET /About
Fri Jan 18 2019 15:55:38 GMT+0530 (IST): GET /About
Fri Jan 18 2019 15:55:39 GMT+0530 (IST): GET /About
Fri Jan 18 2019 15:55:39 GMT+0530 (IST): GET /About
Fri Jan 18 2019 15:55:39 GMT+0530 (IST): GET /About
Fri Jan 18 2019 15:55:39 GMT+0530 (IST): GET /About
Fri Jan 18 2019 15:55:39 GMT+0530 (IST): GET /About
Fri Jan 18 2019 15:56:34 GMT+0530 (IST): GET /About
Fri Jan 18 2019 15:56:35 GMT+0530 (IST): GET /About
Fri Jan 18 2019 15:57:02 GMT+0530 (IST): GET /
Fri Jan 18 2019 15:58:54 GMT+0530 (IST): GET /
Fri Jan 18 2019 15:58:55 GMT+0530 (IST): GET /
Fri Jan 18 2019 15:58:55 GMT+0530 (IST): GET /
Fri Jan 18 2019 15:58:55 GMT+0530 (IST): GET /
Fri Jan 18 2019 15:58:55 GMT+0530 (IST): GET /
Fri Jan 18 2019 15:58:55 GMT+0530 (IST): GET /
Fri Jan 18 2019 15:58:55 GMT+0530 (IST): GET /
Fri Jan 18 2019 15:58:55 GMT+0530 (IST): GET /
Fri Jan 18 2019 15:58:56 GMT+0530 (IST): GET /
Fri Jan 18 2019 15:58:56 GMT+0530 (IST): GET /
Fri Jan 18 2019 15:58:56 GMT+0530 (IST): GET /
Fri Jan 18 2019 15:58:56 GMT+0530 (IST): GET /
Fri Jan 18 2019 15:58:57 GMT+0530 (IST): GET /
Fri Jan 18 2019 15:58:57 GMT+0530 (IST): GET /
Fri Jan 18 2019 15:59:24 GMT+0530 (IST): GET /
Fri Jan 18 2019 15:59:32 GMT+0530 (IST): GET /about
Fri Jan 18 2019 16:02:47 GMT+0530 (IST): GET /help.html
Fri Jan 18 2019 16:04:38 GMT+0530 (IST): GET /help.html
Fri Jan 18 2019 16:04:39 GMT+0530 (IST): GET /help.html
Fri Jan 18 2019 16:04:42 GMT+0530 (IST): GET /
Fri Jan 18 2019 16:04:44 GMT+0530 (IST): GET /About
Sat Jan 19 2019 14:01:23 GMT+0530 (IST): GET /
Sat Jan 19 2019 14:01:26 GMT+0530 (IST): GET /favicon.ico
Sat Jan 19 2019 14:01:27 GMT+0530 (IST): GET /About
Sat Jan 19 2019 14:01:28 GMT+0530 (IST): GET /
Sat Jan 19 2019 14:01:33 GMT+0530 (IST): GET /
